<?xml version="1.0" encoding="UTF-8"?>
<!-- Generated by org.testng.reporters.JUnitReportReporter -->
<testsuite skipped="0" hostname="DESKTOP-KD72R9N" name="TestNgPakage.JavaScript" tests="2" failures="0" timestamp="2021-09-03T15:17:54 IST" time="31.672" errors="0">
  <testcase name="jsPageScroll" time="14.406" classname="TestNgPakage.JavaScript"/>
  <system-out/>
  <testcase name="jsListenEventExecute" time="17.266" classname="TestNgPakage.JavaScript"/>
  <system-out/>
</testsuite> <!-- TestNgPakage.JavaScript -->
