<?xml version="1.0" encoding="UTF-8"?>
<!-- Generated by org.testng.reporters.JUnitReportReporter -->
<testsuite skipped="0" hostname="DESKTOP-KD72R9N" name="TestNgPakage.Cookies" tests="1" failures="0" timestamp="2021-09-03T11:31:01 IST" time="7.952" errors="0">
  <testcase name="actionsOnCookies" time="7.952" classname="TestNgPakage.Cookies"/>
  <system-out/>
</testsuite> <!-- TestNgPakage.Cookies -->
