<?xml version="1.0" encoding="UTF-8"?>
<!-- Generated by org.testng.reporters.JUnitReportReporter -->
<testsuite skipped="0" hostname="DESKTOP-KD72R9N" name="TestNgPakage.TestNgClass" tests="1" failures="0" timestamp="2021-09-01T15:07:39 IST" time="7.001" errors="0">
  <testcase name="locaterMethod" time="7.001" classname="TestNgPakage.TestNgClass"/>
  <system-out/>
</testsuite> <!-- TestNgPakage.TestNgClass -->
