<?xml version="1.0" encoding="UTF-8"?>
<!-- Generated by org.testng.reporters.JUnitReportReporter -->
<testsuite skipped="0" hostname="DESKTOP-KD72R9N" name="TestNgPakage.ApachePoi" tests="1" failures="0" timestamp="2021-09-03T15:11:07 IST" time="0.367" errors="0">
  <testcase name="f" time="0.367" classname="TestNgPakage.ApachePoi"/>
  <system-out/>
</testsuite> <!-- TestNgPakage.ApachePoi -->
