<?xml version="1.0" encoding="UTF-8"?>
<!-- Generated by org.testng.reporters.JUnitReportReporter -->
<testsuite skipped="0" hostname="DESKTOP-KD72R9N" name="TestNgPakage.Wait" tests="1" failures="0" timestamp="2021-09-03T11:15:35 IST" time="15.780" errors="0">
  <testcase name="f" time="15.780" classname="TestNgPakage.Wait"/>
  <system-out/>
</testsuite> <!-- TestNgPakage.Wait -->
