<?xml version="1.0" encoding="UTF-8"?>
<!-- Generated by org.testng.reporters.JUnitReportReporter -->
<testsuite skipped="0" hostname="DESKTOP-KD72R9N" name="TestNgPakage.ScrinShot" tests="1" failures="0" timestamp="2021-09-03T12:08:09 IST" time="7.683" errors="0">
  <testcase name="ScrnSht" time="7.683" classname="TestNgPakage.ScrinShot"/>
  <system-out/>
</testsuite> <!-- TestNgPakage.ScrinShot -->
