<?xml version="1.0" encoding="UTF-8"?>
<!-- Generated by org.testng.reporters.JUnitReportReporter -->
<testsuite skipped="1" hostname="DESKTOP-KD72R9N" name="TestNgPakage.Anotaion" tests="3" failures="0" timestamp="2021-09-22T17:27:48 IST" time="0.014" errors="0">
  <testcase name="test2" time="0.010" classname="TestNgPakage.Anotaion"/>
  <system-out/>
  <testcase name="test1" time="0.004" classname="TestNgPakage.Anotaion"/>
  <system-out/>
  <testcase name="test3" classname="TestNgPakage.Anotaion">
    <skipped/>
  </testcase> <!-- test3 -->
  <system-out/>
</testsuite> <!-- TestNgPakage.Anotaion -->
