<?xml version="1.0" encoding="UTF-8"?>
<!-- Generated by org.testng.reporters.JUnitReportReporter -->
<testsuite skipped="0" hostname="DESKTOP-KD72R9N" name="TestNgPakage.OrangeClasTest" tests="1" failures="0" timestamp="2021-09-01T14:30:21 IST" time="6.760" errors="0">
  <testcase name="assertMetod" time="6.760" classname="TestNgPakage.OrangeClasTest"/>
  <system-out/>
</testsuite> <!-- TestNgPakage.OrangeClasTest -->
