<?xml version="1.0" encoding="UTF-8"?>
<!-- Generated by org.testng.reporters.JUnitReportReporter -->
<testsuite skipped="0" hostname="DESKTOP-KD72R9N" name="TestNgPakage.Provd" tests="3" failures="0" timestamp="2021-09-01T17:05:37 IST" time="34.763" errors="0">
  <testcase name="OrangeHRM_Login" time="7.584" classname="TestNgPakage.Provd"/>
  <system-out/>
  <testcase name="OrangeHRM_Login" time="19.573" classname="TestNgPakage.Provd"/>
  <system-out/>
  <testcase name="OrangeHRM_Login" time="7.606" classname="TestNgPakage.Provd"/>
  <system-out/>
</testsuite> <!-- TestNgPakage.Provd -->
