<?xml version="1.0" encoding="UTF-8"?>
<!-- Generated by org.testng.reporters.JUnitReportReporter -->
<testsuite skipped="0" hostname="DESKTOP-KD72R9N" name="TestNgPakage.WebTableCls" tests="1" failures="0" timestamp="2021-09-02T11:17:56 IST" time="30.364" errors="0">
  <testcase name="f" time="30.364" classname="TestNgPakage.WebTableCls"/>
  <system-out/>
</testsuite> <!-- TestNgPakage.WebTableCls -->
